Script handler ready. Waiting for a while to ensure all other mods are done messing with NEI.
Starting NEI Filter scripting. This might take a moment to load all the modules...
Engine: JAVASCRIPT
Setting up Java Library...
Setting up FML Library...
Setting up NEI Library...
Setting up CreativeTab library...
DragonAPI:minecraft:bed_technical has a bad registry name! Attempting to parse and reassemble correctly...
Parsed bad name into: modid: DragonAPI, name: minecraft:bed_technical. If this is not correct please report it as a bug!
DragonAPI:minecraft:brewing_stand_technical has a bad registry name! Attempting to parse and reassemble correctly...
Parsed bad name into: modid: DragonAPI, name: minecraft:brewing_stand_technical. If this is not correct please report it as a bug!
DragonAPI:minecraft:cake_technical has a bad registry name! Attempting to parse and reassemble correctly...
Parsed bad name into: modid: DragonAPI, name: minecraft:cake_technical. If this is not correct please report it as a bug!
DragonAPI:minecraft:cauldron_technical has a bad registry name! Attempting to parse and reassemble correctly...
Parsed bad name into: modid: DragonAPI, name: minecraft:cauldron_technical. If this is not correct please report it as a bug!
DragonAPI:minecraft:flower_pot_technical has a bad registry name! Attempting to parse and reassemble correctly...
Parsed bad name into: modid: DragonAPI, name: minecraft:flower_pot_technical. If this is not correct please report it as a bug!
DragonAPI:minecraft:iron_door_technical has a bad registry name! Attempting to parse and reassemble correctly...
Parsed bad name into: modid: DragonAPI, name: minecraft:iron_door_technical. If this is not correct please report it as a bug!
DragonAPI:minecraft:lit_redstone_lamp_technical has a bad registry name! Attempting to parse and reassemble correctly...
Parsed bad name into: modid: DragonAPI, name: minecraft:lit_redstone_lamp_technical. If this is not correct please report it as a bug!
DragonAPI:minecraft:lit_redstone_ore_technical has a bad registry name! Attempting to parse and reassemble correctly...
Parsed bad name into: modid: DragonAPI, name: minecraft:lit_redstone_ore_technical. If this is not correct please report it as a bug!
DragonAPI:minecraft:melon_stem_technical has a bad registry name! Attempting to parse and reassemble correctly...
Parsed bad name into: modid: DragonAPI, name: minecraft:melon_stem_technical. If this is not correct please report it as a bug!
DragonAPI:minecraft:nether_wart_technical has a bad registry name! Attempting to parse and reassemble correctly...
Parsed bad name into: modid: DragonAPI, name: minecraft:nether_wart_technical. If this is not correct please report it as a bug!
DragonAPI:minecraft:piston_head_technical has a bad registry name! Attempting to parse and reassemble correctly...
Parsed bad name into: modid: DragonAPI, name: minecraft:piston_head_technical. If this is not correct please report it as a bug!
DragonAPI:minecraft:powered_comparator_technical has a bad registry name! Attempting to parse and reassemble correctly...
Parsed bad name into: modid: DragonAPI, name: minecraft:powered_comparator_technical. If this is not correct please report it as a bug!
DragonAPI:minecraft:powered_repeater_technical has a bad registry name! Attempting to parse and reassemble correctly...
Parsed bad name into: modid: DragonAPI, name: minecraft:powered_repeater_technical. If this is not correct please report it as a bug!
DragonAPI:minecraft:pumpkin_stem_technical has a bad registry name! Attempting to parse and reassemble correctly...
Parsed bad name into: modid: DragonAPI, name: minecraft:pumpkin_stem_technical. If this is not correct please report it as a bug!
DragonAPI:minecraft:redstone_wire_technical has a bad registry name! Attempting to parse and reassemble correctly...
Parsed bad name into: modid: DragonAPI, name: minecraft:redstone_wire_technical. If this is not correct please report it as a bug!
DragonAPI:minecraft:reeds_technical has a bad registry name! Attempting to parse and reassemble correctly...
Parsed bad name into: modid: DragonAPI, name: minecraft:reeds_technical. If this is not correct please report it as a bug!
DragonAPI:minecraft:skull_technical has a bad registry name! Attempting to parse and reassemble correctly...
Parsed bad name into: modid: DragonAPI, name: minecraft:skull_technical. If this is not correct please report it as a bug!
DragonAPI:minecraft:standing_sign_technical has a bad registry name! Attempting to parse and reassemble correctly...
Parsed bad name into: modid: DragonAPI, name: minecraft:standing_sign_technical. If this is not correct please report it as a bug!
DragonAPI:minecraft:tripwire_technical has a bad registry name! Attempting to parse and reassemble correctly...
Parsed bad name into: modid: DragonAPI, name: minecraft:tripwire_technical. If this is not correct please report it as a bug!
DragonAPI:minecraft:unlit_redstone_torch_technical has a bad registry name! Attempting to parse and reassemble correctly...
Parsed bad name into: modid: DragonAPI, name: minecraft:unlit_redstone_torch_technical. If this is not correct please report it as a bug!
DragonAPI:minecraft:unpowered_comparator_technical has a bad registry name! Attempting to parse and reassemble correctly...
Parsed bad name into: modid: DragonAPI, name: minecraft:unpowered_comparator_technical. If this is not correct please report it as a bug!
DragonAPI:minecraft:unpowered_repeater_technical has a bad registry name! Attempting to parse and reassemble correctly...
Parsed bad name into: modid: DragonAPI, name: minecraft:unpowered_repeater_technical. If this is not correct please report it as a bug!
DragonAPI:minecraft:wall_sign_technical has a bad registry name! Attempting to parse and reassemble correctly...
Parsed bad name into: modid: DragonAPI, name: minecraft:wall_sign_technical. If this is not correct please report it as a bug!
DragonAPI:minecraft:wheat_technical has a bad registry name! Attempting to parse and reassemble correctly...
Parsed bad name into: modid: DragonAPI, name: minecraft:wheat_technical. If this is not correct please report it as a bug!
DragonAPI:minecraft:wooden_door_technical has a bad registry name! Attempting to parse and reassemble correctly...
Parsed bad name into: modid: DragonAPI, name: minecraft:wooden_door_technical. If this is not correct please report it as a bug!
Found creative tab: archimedesTab
Found creative tab: tools
Found creative tab: misc
Found creative tab: avaritia
Found creative tab: BiblioCraft
Found creative tab: BiblioCraftLights
Found creative tab: BiblioWoodsTFC
Found creative tab: redstone
Found creative tab: materials
Found creative tab: apiculture
Found creative tab: buildingBlocks
Found creative tab: Botany
Found creative tab: buildcraft.main
Found creative tab: buildcraft.pipes
Found creative tab: buildcraft.boards
Found creative tab: buildcraft.facades
Found creative tab: buildcraft.gates
Found creative tab: CarpentersBlocks
Found creative tab: TFCBuilding
Found creative tab: TFCMisc
Found creative tab: TFCMaterials
Found creative tab: ElectriCraft
Found creative tab: Expanded Redstone
Found creative tab: decorations
Found creative tab: arboriculture
Found creative tab: lepidopterology
Found creative tab: extraUtil
Found creative tab: combat
Found creative tab: extraUtil_FMP
Found creative tab: forestry
Found creative tab: transportation
Found creative tab: ImmersiveEngineering
Found creative tab: Logistics_Pipes
Found creative tab: Magneticraft|Industrial Age
Found creative tab: Magneticraft|Steam Age
Found creative tab: Magneticraft|Main
Found creative tab: Magneticraft|Electrical Age
Found creative tab: Magneticraft|Information Age
Found creative tab: tabMekanism
Found creative tab: Merchants
Found creative tab: moarSigns
Found creative tab: NotEnoughWands
Found creative tab: tabOpenBlocks
Found creative tab: OpenComputers
Found creative tab: Pistronics2
Found creative tab: core
Found creative tab: ill
Found creative tab: int
Found creative tab: trans
Found creative tab: railcraft
Found creative tab: ReactorCraft
Found creative tab: ReactorCraft Components
Found creative tab: ReactorCraft Items
Found creative tab: RotaryCraft
Found creative tab: RotaryCraft Tools
Found creative tab: RotaryCraft Items
Found creative tab: Mod Ores
Found creative tab: Spawners
Found creative tab: storageDrawers
Found creative tab: TFCFoods
Found creative tab: thermaldynamics.creativeTab
Found creative tab: thermalexpansion.creativeTabBlocks
Found creative tab: thermalexpansion.creativeTabItems
Found creative tab: thermalexpansion.creativeTabTools
Found creative tab: thermalexpansion.creativeTabFlorbs
Found creative tab: thermalfoundation.creativeTab
Found creative tab: ztones
Found creative tab: advancedRocketryOres
Found creative tab: advancedRocketry
Found creative tab: bdew.ae2stuff
Found creative tab: ae2wct
Found creative tab: aobd
Found creative tab: appliedenergistics2
Found creative tab: appliedenergistics2.facades
Found creative tab: astikoor
Found creative tab: avaritiaddons
Found creative tab: betterquesting
Found creative tab: biggercraftingtables
Found creative tab: catwalks
Found creative tab: tabWoodChiselBlocks
Found creative tab: tabStairChiselBlocks
Found creative tab: tabModdedChiselBlocks
Found creative tab: tabStoneChiselBlocks
Found creative tab: tabOtherChiselBlocks
Found creative tab: tabChisel
Found creative tab: tabMetalChiselBlocks
Found creative tab: TFCDevices
Found creative tab: CWTFCMain
Found creative tab: Nex Corp Solutions
Found creative tab: Extra_Cells
Found creative tab: foundryMachines
Found creative tab: foundryBlocks
Found creative tab: foundryMaterials
Found creative tab: foundryFluids
Found creative tab: foundryMolds
Found creative tab: foundryFirearms
Found creative tab: bdew.gendustry
Found creative tab: bdew.samples
Found creative tab: bdew.templates
Found creative tab: immersiveintegration
Found creative tab: multiBlock
Found creative tab: malisisdoors
Found creative tab: food
Found creative tab: brewing
Found creative tab: OpenPrinter
Found creative tab: OpenSecurity
Found creative tab: OpenSensors
Found creative tab: platforms
Found creative tab: RfTools
Found creative tab: RfToolsDimlets
Found creative tab: RoadStuff
Found creative tab: Traincraft
Found creative tab: TFCDecoration
Found creative tab: TFCPottery
Found creative tab: TFCTools
Found creative tab: TFCArmor
Found creative tab: TFCWeapons
Found creative tab: terrafirmastuff
Found creative tab: TFCTechTab
Found creative tab: UdaryFluids
Found creative tab: UdaryTools
Found creative tab: UdaryDevices
Found creative tab: UdaryMaterials
Found creative tab: UdaryPottery
Found creative tab: Terra-Nex-Corp
Found creative tab: scalesTab
Found creative tab: wizardry
Found creative tab: wizardryspells
Setting up ForgeMicroblock Library...
Setting up ExtraUtilities Library...
Setting up BuildCraft Library...
Setting up Applied Energistics 2 Library...
Loading table of contents for module: custom_nei_filters, 1.0, Author: denoflionsx
Bootstrap setting found. Loading: Bootstrap.js
Loading: vanilla.js
hide called. Params: minecraft, portal
Regex match found! minecraft:portal matches minecraft:portal.
Found ItemStack minecraft:portal. 64xtile.null@0
hide called. Params: minecraft, end_portal
Regex match found! minecraft:end_portal matches minecraft:end_portal.
Found ItemStack minecraft:end_portal. 64xtile.null@0
hide called. Params: minecraft, fire
Regex match found! minecraft:fire matches minecraft:fire.
Found ItemStack minecraft:fire. 64xtile.fire@0
hide called. Params: minecraft, water
Regex match found! minecraft:water matches minecraft:water.
Found ItemStack minecraft:water. 64xtile.water@0
hide called. Params: minecraft, lava
Regex match found! minecraft:lava matches minecraft:lava.
Found ItemStack minecraft:lava. 64xtile.lava@0
hide called. Params: minecraft, mob_spawner
Regex match found! minecraft:mob_spawner matches minecraft:mob_spawner.
Found ItemStack minecraft:mob_spawner. 64xtile.mobSpawner@0
override called. Params: minecraft, potion, 0
Regex match found! minecraft:potion matches minecraft:potion.
Found ItemStack minecraft:potion. 1xitem.potion@0
override called. Params: minecraft, spawn_egg, 0
Regex match found! minecraft:spawn_egg matches minecraft:spawn_egg.
Found ItemStack minecraft:spawn_egg. 64xitem.monsterPlacer@0
Loading: ThermalExpansion.js
override called. Params: ThermalExpansion, florb, 0,1
Regex match found! ThermalExpansion:florb matches ThermalExpansion:florb.
Found ItemStack ThermalExpansion:florb. 16xitem.thermalexpansion.florb@0
Loading: Mekanism.js
override called. Params: Mekanism, GasTank, 100
Regex match found! Mekanism:GasTank matches Mekanism:GasTank.
Found ItemStack Mekanism:GasTank. 1xtile.GasTank@0
override called. Params: Mekanism, *PlasticBlock, 0
Regex match found! Mekanism:*PlasticBlock matches Mekanism:GlowPlasticBlock.
Regex match found! Mekanism:*PlasticBlock matches Mekanism:PlasticBlock.
Regex match found! Mekanism:*PlasticBlock matches Mekanism:ReinforcedPlasticBlock.
Regex match found! Mekanism:*PlasticBlock matches Mekanism:RoadPlasticBlock.
Regex match found! Mekanism:*PlasticBlock matches Mekanism:SlickPlasticBlock.
Found ItemStack Mekanism:GlowPlasticBlock. 64xtile.GlowPlasticBlock@0
Found ItemStack Mekanism:PlasticBlock. 64xtile.PlasticBlock@0
Found ItemStack Mekanism:ReinforcedPlasticBlock. 64xtile.ReinforcedPlasticBlock@0
Found ItemStack Mekanism:RoadPlasticBlock. 64xtile.RoadPlasticBlock@0
Found ItemStack Mekanism:SlickPlasticBlock. 64xtile.SlickPlasticBlock@0
override called. Params: Mekanism, Balloon, 0
Regex match found! Mekanism:Balloon matches Mekanism:Balloon.
Found ItemStack Mekanism:Balloon. 64xitem.Balloon@0
override called. Params: Mekanism, GlowPanel, 0
Regex match found! Mekanism:GlowPanel matches Mekanism:GlowPanel.
Found ItemStack Mekanism:GlowPanel. 64xitem.GlowPanel@0
Loading: ForgeMicroblock.js
getRandomMaterial called. Returned: ImmersiveEngineering:storage_1
obliterate_microblocks called (version in info.inpureprojects.core.NEI.gtfoMicroblocks.ScriptObjects.ForgeMicroblockObject). Params: 1,2,4,257,258,260,513,514,516,769,770,772, ImmersiveEngineering:storage_1
Loading: ExtraUtilities.js
override called. Params: ExtraUtilities, drum, 0,1
Regex match found! ExtraUtilities:drum matches ExtraUtilities:drum.
Found ItemStack ExtraUtilities:drum. 64xtile.extrautils:drum@0
getRandomMaterial called. Returned: ImmersiveEngineering:stoneDecoration_3
obliterate_microblocks called (version in info.inpureprojects.core.NEI.gtfoMicroblocks.ScriptObjects.ExtraUtilitiesObject). Params: 1,2,3, ImmersiveEngineering:stoneDecoration_3
Loading: BuildCraft.js
getFacadesSize called. Returned: 3764
obliterate_microblocks called (version in info.inpureprojects.core.NEI.gtfoMicroblocks.ScriptObjects.BCObject). Params: 2331
Loading: Bibliocraft.js
override called. Params: BiblioCraft, *, 0
Regex match found! BiblioCraft:* matches BiblioCraft:Armor Stand.
Regex match found! BiblioCraft:* matches BiblioCraft:BiblioBell.
Regex match found! BiblioCraft:* matches BiblioCraft:BiblioBorderlessPainting.
Regex match found! BiblioCraft:* matches BiblioCraft:BiblioCase.
Regex match found! BiblioCraft:* matches BiblioCraft:BiblioClipboard.
Regex match found! BiblioCraft:* matches BiblioCraft:BiblioClock.
Regex match found! BiblioCraft:* matches BiblioCraft:BiblioDesk.
Regex match found! BiblioCraft:* matches BiblioCraft:BiblioFancyPainting.
Regex match found! BiblioCraft:* matches BiblioCraft:BiblioFancySign.
Regex match found! BiblioCraft:* matches BiblioCraft:BiblioFlatPainting.
Regex match found! BiblioCraft:* matches BiblioCraft:BiblioIronLamp.
Regex match found! BiblioCraft:* matches BiblioCraft:BiblioIronLantern.
Regex match found! BiblioCraft:* matches BiblioCraft:BiblioLabel.
Regex match found! BiblioCraft:* matches BiblioCraft:BiblioLamp.
Regex match found! BiblioCraft:* matches BiblioCraft:BiblioLantern.
Regex match found! BiblioCraft:* matches BiblioCraft:BiblioMapFrames.
Regex match found! BiblioCraft:* matches BiblioCraft:BiblioMiddlePainting.
Regex match found! BiblioCraft:* matches BiblioCraft:BiblioPaintPress.
Regex match found! BiblioCraft:* matches BiblioCraft:BiblioPaneler.
Regex match found! BiblioCraft:* matches BiblioCraft:BiblioPotionShelf.
Regex match found! BiblioCraft:* matches BiblioCraft:BiblioRack.
Regex match found! BiblioCraft:* matches BiblioCraft:BiblioSeats.
Regex match found! BiblioCraft:* matches BiblioCraft:BiblioShelf.
Regex match found! BiblioCraft:* matches BiblioCraft:BiblioSimplePainting.
Regex match found! BiblioCraft:* matches BiblioCraft:BiblioStuffs.
Regex match found! BiblioCraft:* matches BiblioCraft:BiblioSwordPedestal.
Regex match found! BiblioCraft:* matches BiblioCraft:BiblioTable.
Regex match found! BiblioCraft:* matches BiblioCraft:BiblioTypewriter.
Regex match found! BiblioCraft:* matches BiblioCraft:BiblioWorkbench.
Regex match found! BiblioCraft:* matches BiblioCraft:Bibliotheca.
Regex match found! BiblioCraft:* matches BiblioCraft:BookcaseFilled.
Regex match found! BiblioCraft:* matches BiblioCraft:Printing Press.
Regex match found! BiblioCraft:* matches BiblioCraft:Typesetting Machine.
Regex match found! BiblioCraft:* matches BiblioCraft:item.AtlasBook.
Regex match found! BiblioCraft:* matches BiblioCraft:item.AtlasPlate.
Regex match found! BiblioCraft:* matches BiblioCraft:item.BiblioChase.
Regex match found! BiblioCraft:* matches BiblioCraft:item.BiblioClipboard.
Regex match found! BiblioCraft:* matches BiblioCraft:item.BiblioCreativeLock.
Regex match found! BiblioCraft:* matches BiblioCraft:item.BiblioDrill.
Regex match found! BiblioCraft:* matches BiblioCraft:item.BiblioGlasses.
Regex match found! BiblioCraft:* matches BiblioCraft:item.BiblioMapTool.
Regex match found! BiblioCraft:* matches BiblioCraft:item.BiblioRedBook.
Regex match found! BiblioCraft:* matches BiblioCraft:item.BiblioWayPointCompass.
Regex match found! BiblioCraft:* matches BiblioCraft:item.BigBook.
Regex match found! BiblioCraft:* matches BiblioCraft:item.DeathCompass.
Regex match found! BiblioCraft:* matches BiblioCraft:item.EnchantedPlate.
Regex match found! BiblioCraft:* matches BiblioCraft:item.FramingBoard.
Regex match found! BiblioCraft:* matches BiblioCraft:item.FramingSaw.
Regex match found! BiblioCraft:* matches BiblioCraft:item.FramingSheet.
Regex match found! BiblioCraft:* matches BiblioCraft:item.HandDrill.
Regex match found! BiblioCraft:* matches BiblioCraft:item.PaintingCanvas.
Regex match found! BiblioCraft:* matches BiblioCraft:item.PlumbLine.
Regex match found! BiblioCraft:* matches BiblioCraft:item.PrintPlate.
Regex match found! BiblioCraft:* matches BiblioCraft:item.RecipeBook.
Regex match found! BiblioCraft:* matches BiblioCraft:item.SlottedBook.
Regex match found! BiblioCraft:* matches BiblioCraft:item.StockroomCatalog.
Regex match found! BiblioCraft:* matches BiblioCraft:item.TesterItem.
Regex match found! BiblioCraft:* matches BiblioCraft:item.seatBack.
Regex match found! BiblioCraft:* matches BiblioCraft:item.seatBack2.
Regex match found! BiblioCraft:* matches BiblioCraft:item.seatBack3.
Regex match found! BiblioCraft:* matches BiblioCraft:item.seatBack4.
Regex match found! BiblioCraft:* matches BiblioCraft:item.seatBack5.
Regex match found! BiblioCraft:* matches BiblioCraft:item.tape.
Regex match found! BiblioCraft:* matches BiblioCraft:item.tapeMeasure.
Regex match found! BiblioCraft:* matches BiblioCraft:tile.BiblioFramedChest.
Found ItemStack BiblioCraft:Armor Stand. 64xtile.BiblioArmorStand@0
Found ItemStack BiblioCraft:BiblioBell. 64xtile.BiblioBell@0
Found ItemStack BiblioCraft:BiblioBorderlessPainting. 64xtile.BiblioBorderlessPainting@0
Found ItemStack BiblioCraft:BiblioCase. 64xtile.BiblioCase@0
Found ItemStack BiblioCraft:BiblioClipboard. 64xtile.BiblioClipboard@0
Found ItemStack BiblioCraft:BiblioClock. 64xtile.BiblioClock@0
Found ItemStack BiblioCraft:BiblioDesk. 64xtile.BiblioDesk@0
Found ItemStack BiblioCraft:BiblioFancyPainting. 64xtile.BiblioFancyPainting@0
Found ItemStack BiblioCraft:BiblioFancySign. 64xtile.BiblioFancySign@0
Found ItemStack BiblioCraft:BiblioFlatPainting. 64xtile.BiblioFlatPainting@0
Found ItemStack BiblioCraft:BiblioIronLamp. 64xtile.BiblioIronLamp@0
Found ItemStack BiblioCraft:BiblioIronLantern. 64xtile.BiblioIronLantern@0
Found ItemStack BiblioCraft:BiblioLabel. 64xtile.BiblioLabel@0
Found ItemStack BiblioCraft:BiblioLamp. 64xtile.BiblioLamp@0
Found ItemStack BiblioCraft:BiblioLantern. 64xtile.BiblioLantern@0
Found ItemStack BiblioCraft:BiblioMapFrames. 64xtile.BiblioMapFrames@0
Found ItemStack BiblioCraft:BiblioMiddlePainting. 64xtile.BiblioMiddlePainting@0
Found ItemStack BiblioCraft:BiblioPaintPress. 64xtile.BiblioPaintPress@0
Found ItemStack BiblioCraft:BiblioPaneler. 64xtile.BiblioPaneler@0
Found ItemStack BiblioCraft:BiblioPotionShelf. 64xtile.BiblioPotionShelf@0
Found ItemStack BiblioCraft:BiblioRack. 64xtile.BiblioRack@0
Found ItemStack BiblioCraft:BiblioSeats. 64xtile.BiblioSeats@0
Found ItemStack BiblioCraft:BiblioShelf. 64xtile.BiblioShelf@0
Found ItemStack BiblioCraft:BiblioSimplePainting. 64xtile.BiblioSimplePainting@0
Found ItemStack BiblioCraft:BiblioStuffs. 64xtile.BiblioStuffs@0
Found ItemStack BiblioCraft:BiblioSwordPedestal. 64xtile.BiblioSwordPedestal@0
Found ItemStack BiblioCraft:BiblioTable. 64xtile.BiblioTable@0
Found ItemStack BiblioCraft:BiblioTypewriter. 64xtile.BiblioTypewriter@0
Found ItemStack BiblioCraft:BiblioWorkbench. 64xtile.BiblioWorkbench@0
Found ItemStack BiblioCraft:Bibliotheca. 64xtile.BiblioBookcase@0
Found ItemStack BiblioCraft:BookcaseFilled. 64xtile.BookcaseFilled@0
Found ItemStack BiblioCraft:Printing Press. 64xtile.BiblioPress@0
Found ItemStack BiblioCraft:Typesetting Machine. 64xtile.BiblioType@0
Found ItemStack BiblioCraft:item.AtlasBook. 1xitem.AtlasBook@0
Found ItemStack BiblioCraft:item.AtlasPlate. 1xitem.AtlasPlate@0
Found ItemStack BiblioCraft:item.BiblioChase. 64xitem.BiblioChase@0
Found ItemStack BiblioCraft:item.BiblioClipboard. 1xitem.BiblioClipboard@0
Found ItemStack BiblioCraft:item.BiblioCreativeLock. 1xitem.BiblioCreativeLock@0
Found ItemStack BiblioCraft:item.BiblioDrill. 1xitem.BiblioDrill@0
Found ItemStack BiblioCraft:item.BiblioGlasses. 1xitem.BiblioGlasses@0
Found ItemStack BiblioCraft:item.BiblioMapTool. 1xitem.BiblioMapTool@0
Found ItemStack BiblioCraft:item.BiblioRedBook. 64xitem.BiblioRedBook@0
Found ItemStack BiblioCraft:item.BiblioWayPointCompass. 1xitem.BiblioWayPointCompass@0
Found ItemStack BiblioCraft:item.BigBook. 1xitem.BigBook@0
Found ItemStack BiblioCraft:item.DeathCompass. 64xitem.DeathCompass@0
Found ItemStack BiblioCraft:item.EnchantedPlate. 1xitem.EnchantedPlate@0
Found ItemStack BiblioCraft:item.FramingBoard. 64xitem.FramingBoard@0
Found ItemStack BiblioCraft:item.FramingSaw. 1xitem.FramingSaw@0
Found ItemStack BiblioCraft:item.FramingSheet. 64xitem.FramingSheet@0
Found ItemStack BiblioCraft:item.HandDrill. 1xitem.HandDrill@0
Found ItemStack BiblioCraft:item.PaintingCanvas. 64xitem.PaintingCanvas@0
Found ItemStack BiblioCraft:item.PlumbLine. 1xitem.PlumbLine@0
Found ItemStack BiblioCraft:item.PrintPlate. 1xitem.PrintPlate@0
Found ItemStack BiblioCraft:item.RecipeBook. 1xitem.RecipeBook@0
Found ItemStack BiblioCraft:item.SlottedBook. 1xitem.SlottedBook@0
Found ItemStack BiblioCraft:item.StockroomCatalog. 1xitem.StockroomCatalog@0
Found ItemStack BiblioCraft:item.TesterItem. 1xitem.TesterItem@0
Found ItemStack BiblioCraft:item.seatBack. 64xitem.seatBack@0
Found ItemStack BiblioCraft:item.seatBack2. 64xitem.seatBack@0
Found ItemStack BiblioCraft:item.seatBack3. 64xitem.seatBack@0
Found ItemStack BiblioCraft:item.seatBack4. 64xitem.seatBack@0
Found ItemStack BiblioCraft:item.seatBack5. 64xitem.seatBack@0
Found ItemStack BiblioCraft:item.tape. 64xitem.tape@0
Found ItemStack BiblioCraft:item.tapeMeasure. 1xitem.tapeMeasure@0
Found ItemStack BiblioCraft:tile.BiblioFramedChest. 64xtile.BiblioFramedChest@0
Loading: AppliedEnergistics2.js
getFacadeItem called. Returned: appliedenergistics2:item.ItemFacade
getSubTypes called.
getNumberOfTypes called. Returned: 2768
override called. Params: appliedenergistics2, item.ItemFacade, 293
Regex match found! appliedenergistics2:item.ItemFacade matches appliedenergistics2:item.ItemFacade.
Found ItemStack appliedenergistics2:item.ItemFacade. 64xitem.appliedenergistics2.ItemFacade@0
Loading: Tcon.js
Loading: MFR.js
Loading: RFTools.js
hide called. Params: rftools, knownDimlet
Regex match found! rftools:knownDimlet matches rftools:knownDimlet.
Found ItemStack rftools:knownDimlet. 16xitem.KnownDimlet@0
hide called. Params: rftools, unknownDimlet
Regex match found! rftools:unknownDimlet matches rftools:unknownDimlet.
Found ItemStack rftools:unknownDimlet. 16xitem.UnknownDimlet@0
hide called. Params: extracells, pattern.fluid
Regex match found! extracells:pattern.fluid matches extracells:pattern.fluid.
Found ItemStack extracells:pattern.fluid. 1xitem.extracells.pattern.fluid@0
Loading: RotaryCraft.js
hide called. Params: RotaryCraft, rotarycraft_item_custom*
Regex match found! RotaryCraft:rotarycraft_item_custom* matches RotaryCraft:rotarycraft_item_customextract.
Regex match found! RotaryCraft:rotarycraft_item_custom* matches RotaryCraft:rotarycraft_item_customingot.
Found ItemStack RotaryCraft:rotarycraft_item_customextract. 64xitem.item.customextract@0
Found ItemStack RotaryCraft:rotarycraft_item_customingot. 64xitem.item.customingot@0
Loading: Forestry.js
hide called. Params: Forestry, leaves
Regex match found! Forestry:leaves matches Forestry:leaves.
Found ItemStack Forestry:leaves. 64xtile.for.leaves@0
hide called. Params: Forestry, pollenFertile
Regex match found! Forestry:pollenFertile matches Forestry:pollenFertile.
Found ItemStack Forestry:pollenFertile. 64xitem.for.pollenFertile@0
hide called. Params: Genetics, serum
hide called. Params: Genetics, serumArray
hide called. Params: streams, river*
Regex match found! streams:river* matches streams:river/ice/-1/-2.
Regex match found! streams:river* matches streams:river/ice/-1/2.
Regex match found! streams:river* matches streams:river/ice/-2/-1.
Regex match found! streams:river* matches streams:river/ice/-2/-2.
Regex match found! streams:river* matches streams:river/ice/-2/0.
Regex match found! streams:river* matches streams:river/ice/-2/1.
Regex match found! streams:river* matches streams:river/ice/-2/2.
Regex match found! streams:river* matches streams:river/ice/0/-2.
Regex match found! streams:river* matches streams:river/ice/0/0.
Regex match found! streams:river* matches streams:river/ice/0/2.
Regex match found! streams:river* matches streams:river/ice/1/-2.
Regex match found! streams:river* matches streams:river/ice/1/2.
Regex match found! streams:river* matches streams:river/ice/2/-1.
Regex match found! streams:river* matches streams:river/ice/2/-2.
Regex match found! streams:river* matches streams:river/ice/2/0.
Regex match found! streams:river* matches streams:river/ice/2/1.
Regex match found! streams:river* matches streams:river/ice/2/2.
Regex match found! streams:river* matches streams:river/tile.FreshWaterStationary/-1/-2.
Regex match found! streams:river* matches streams:river/tile.FreshWaterStationary/-1/2.
Regex match found! streams:river* matches streams:river/tile.FreshWaterStationary/-2/-1.
Regex match found! streams:river* matches streams:river/tile.FreshWaterStationary/-2/-2.
Regex match found! streams:river* matches streams:river/tile.FreshWaterStationary/-2/0.
Regex match found! streams:river* matches streams:river/tile.FreshWaterStationary/-2/1.
Regex match found! streams:river* matches streams:river/tile.FreshWaterStationary/-2/2.
Regex match found! streams:river* matches streams:river/tile.FreshWaterStationary/0/-2.
Regex match found! streams:river* matches streams:river/tile.FreshWaterStationary/0/0.
Regex match found! streams:river* matches streams:river/tile.FreshWaterStationary/0/2.
Regex match found! streams:river* matches streams:river/tile.FreshWaterStationary/1/-2.
Regex match found! streams:river* matches streams:river/tile.FreshWaterStationary/1/2.
Regex match found! streams:river* matches streams:river/tile.FreshWaterStationary/2/-1.
Regex match found! streams:river* matches streams:river/tile.FreshWaterStationary/2/-2.
Regex match found! streams:river* matches streams:river/tile.FreshWaterStationary/2/0.
Regex match found! streams:river* matches streams:river/tile.FreshWaterStationary/2/1.
Regex match found! streams:river* matches streams:river/tile.FreshWaterStationary/2/2.
Regex match found! streams:river* matches streams:river/tile.LavaStationary/-1/-2.
Regex match found! streams:river* matches streams:river/tile.LavaStationary/-1/2.
Regex match found! streams:river* matches streams:river/tile.LavaStationary/-2/-1.
Regex match found! streams:river* matches streams:river/tile.LavaStationary/-2/-2.
Regex match found! streams:river* matches streams:river/tile.LavaStationary/-2/0.
Regex match found! streams:river* matches streams:river/tile.LavaStationary/-2/1.
Regex match found! streams:river* matches streams:river/tile.LavaStationary/-2/2.
Regex match found! streams:river* matches streams:river/tile.LavaStationary/0/-2.
Regex match found! streams:river* matches streams:river/tile.LavaStationary/0/0.
Regex match found! streams:river* matches streams:river/tile.LavaStationary/0/2.
Regex match found! streams:river* matches streams:river/tile.LavaStationary/1/-2.
Regex match found! streams:river* matches streams:river/tile.LavaStationary/1/2.
Regex match found! streams:river* matches streams:river/tile.LavaStationary/2/-1.
Regex match found! streams:river* matches streams:river/tile.LavaStationary/2/-2.
Regex match found! streams:river* matches streams:river/tile.LavaStationary/2/0.
Regex match found! streams:river* matches streams:river/tile.LavaStationary/2/1.
Regex match found! streams:river* matches streams:river/tile.LavaStationary/2/2.
Found ItemStack streams:river/ice/-1/-2. 64xtile.ice@0
Found ItemStack streams:river/ice/-1/2. 64xtile.ice@0
Found ItemStack streams:river/ice/-2/-1. 64xtile.ice@0
Found ItemStack streams:river/ice/-2/-2. 64xtile.ice@0
Found ItemStack streams:river/ice/-2/0. 64xtile.ice@0
Found ItemStack streams:river/ice/-2/1. 64xtile.ice@0
Found ItemStack streams:river/ice/-2/2. 64xtile.ice@0
Found ItemStack streams:river/ice/0/-2. 64xtile.ice@0
Found ItemStack streams:river/ice/0/0. 64xtile.ice@0
Found ItemStack streams:river/ice/0/2. 64xtile.ice@0
Found ItemStack streams:river/ice/1/-2. 64xtile.ice@0
Found ItemStack streams:river/ice/1/2. 64xtile.ice@0
Found ItemStack streams:river/ice/2/-1. 64xtile.ice@0
Found ItemStack streams:river/ice/2/-2. 64xtile.ice@0
Found ItemStack streams:river/ice/2/0. 64xtile.ice@0
Found ItemStack streams:river/ice/2/1. 64xtile.ice@0
Found ItemStack streams:river/ice/2/2. 64xtile.ice@0
Found ItemStack streams:river/tile.FreshWaterStationary/-1/-2. 64xtile.FreshWaterStationary@0
Found ItemStack streams:river/tile.FreshWaterStationary/-1/2. 64xtile.FreshWaterStationary@0
Found ItemStack streams:river/tile.FreshWaterStationary/-2/-1. 64xtile.FreshWaterStationary@0
Found ItemStack streams:river/tile.FreshWaterStationary/-2/-2. 64xtile.FreshWaterStationary@0
Found ItemStack streams:river/tile.FreshWaterStationary/-2/0. 64xtile.FreshWaterStationary@0
Found ItemStack streams:river/tile.FreshWaterStationary/-2/1. 64xtile.FreshWaterStationary@0
Found ItemStack streams:river/tile.FreshWaterStationary/-2/2. 64xtile.FreshWaterStationary@0
Found ItemStack streams:river/tile.FreshWaterStationary/0/-2. 64xtile.FreshWaterStationary@0
Found ItemStack streams:river/tile.FreshWaterStationary/0/0. 64xtile.FreshWaterStationary@0
Found ItemStack streams:river/tile.FreshWaterStationary/0/2. 64xtile.FreshWaterStationary@0
Found ItemStack streams:river/tile.FreshWaterStationary/1/-2. 64xtile.FreshWaterStationary@0
Found ItemStack streams:river/tile.FreshWaterStationary/1/2. 64xtile.FreshWaterStationary@0
Found ItemStack streams:river/tile.FreshWaterStationary/2/-1. 64xtile.FreshWaterStationary@0
Found ItemStack streams:river/tile.FreshWaterStationary/2/-2. 64xtile.FreshWaterStationary@0
Found ItemStack streams:river/tile.FreshWaterStationary/2/0. 64xtile.FreshWaterStationary@0
Found ItemStack streams:river/tile.FreshWaterStationary/2/1. 64xtile.FreshWaterStationary@0
Found ItemStack streams:river/tile.FreshWaterStationary/2/2. 64xtile.FreshWaterStationary@0
Found ItemStack streams:river/tile.LavaStationary/-1/-2. 64xtile.LavaStationary@0
Found ItemStack streams:river/tile.LavaStationary/-1/2. 64xtile.LavaStationary@0
Found ItemStack streams:river/tile.LavaStationary/-2/-1. 64xtile.LavaStationary@0
Found ItemStack streams:river/tile.LavaStationary/-2/-2. 64xtile.LavaStationary@0
Found ItemStack streams:river/tile.LavaStationary/-2/0. 64xtile.LavaStationary@0
Found ItemStack streams:river/tile.LavaStationary/-2/1. 64xtile.LavaStationary@0
Found ItemStack streams:river/tile.LavaStationary/-2/2. 64xtile.LavaStationary@0
Found ItemStack streams:river/tile.LavaStationary/0/-2. 64xtile.LavaStationary@0
Found ItemStack streams:river/tile.LavaStationary/0/0. 64xtile.LavaStationary@0
Found ItemStack streams:river/tile.LavaStationary/0/2. 64xtile.LavaStationary@0
Found ItemStack streams:river/tile.LavaStationary/1/-2. 64xtile.LavaStationary@0
Found ItemStack streams:river/tile.LavaStationary/1/2. 64xtile.LavaStationary@0
Found ItemStack streams:river/tile.LavaStationary/2/-1. 64xtile.LavaStationary@0
Found ItemStack streams:river/tile.LavaStationary/2/-2. 64xtile.LavaStationary@0
Found ItemStack streams:river/tile.LavaStationary/2/0. 64xtile.LavaStationary@0
Found ItemStack streams:river/tile.LavaStationary/2/1. 64xtile.LavaStationary@0
Found ItemStack streams:river/tile.LavaStationary/2/2. 64xtile.LavaStationary@0
hide called. Params: Botany, pollen
Regex match found! Botany:pollen matches Botany:pollen.
Found ItemStack Botany:pollen. 64xitem.pollen@0
hide called. Params: Botany, seed
Regex match found! Botany:seed matches Botany:seed.
Found ItemStack Botany:seed. 64xitem.seed@0
